<?xml version="1.0" encoding="UTF-8"?>
<testng-results ignored="0" total="1" passed="1" failed="0" skipped="0">
  <reporter-output>
  </reporter-output>
  <suite started-at="2022-02-24T17:46:40 IST" name="Suite" finished-at="2022-02-24T17:47:30 IST" duration-ms="50392">
    <groups>
    </groups>
    <test started-at="2022-02-24T17:46:40 IST" name="Test" finished-at="2022-02-24T17:47:30 IST" duration-ms="50392">
      <class name="com.framework.traveltest.Travel">
        <test-method signature="verifyBrowser()[pri:0, instance:com.framework.traveltest.Travel@73e9cf30]" started-at="2022-02-24T17:46:40 IST" name="verifyBrowser" finished-at="2022-02-24T17:47:30 IST" duration-ms="50229" status="PASS">
          <reporter-output>
          </reporter-output>
        </test-method> <!-- verifyBrowser -->
      </class> <!-- com.framework.traveltest.Travel -->
    </test> <!-- Test -->
  </suite> <!-- Suite -->
</testng-results>
